TN:
SF:script/Counter.s.sol
DA:10,0
FN:10,CounterScript.setUp
FNDA:0,CounterScript.setUp
DA:12,0
FN:12,CounterScript.run
FNDA:0,CounterScript.run
DA:13,0
DA:15,0
DA:17,0
FNF:2
FNH:0
LF:5
LH:0
BRF:0
BRH:0
end_of_record
TN:
SF:script/Deploy.s.sol
DA:8,0
FN:8,DeployPop.run
FNDA:0,DeployPop.run
DA:9,0
DA:10,0
DA:12,0
DA:13,0
DA:14,0
DA:15,0
DA:17,0
DA:18,0
DA:19,0
DA:21,0
DA:22,0
FNF:1
FNH:0
LF:12
LH:0
BRF:0
BRH:0
end_of_record
TN:
SF:src/Counter.sol
DA:7,258
FN:7,Counter.setNumber
FNDA:258,Counter.setNumber
DA:8,258
DA:11,1
FN:11,Counter.increment
FNDA:1,Counter.increment
DA:12,1
FNF:2
FNH:2
LF:4
LH:4
BRF:0
BRH:0
end_of_record
TN:
SF:src/Pop.sol
DA:65,99
FN:65,Pop.constructor
FNDA:99,Pop.constructor
DA:66,99
BRDA:66,0,0,99
BRDA:66,0,1,98
DA:67,99
DA:68,97
DA:71,71
FN:71,Pop.createBet
FNDA:71,Pop.createBet
DA:74,71
BRDA:74,1,0,71
BRDA:74,1,1,70
DA:75,69
BRDA:75,2,0,0
BRDA:75,2,1,0
DA:76,68
BRDA:76,3,0,68
BRDA:76,3,1,67
DA:77,66
DA:78,66
DA:79,66
DA:80,66
DA:81,66
DA:82,66
DA:83,66
DA:84,66
DA:85,66
DA:86,66
DA:87,71
DA:90,51
FN:90,Pop.acceptBet
FNDA:51,Pop.acceptBet
DA:91,51
DA:92,51
BRDA:92,4,0,1
DA:93,50
BRDA:93,5,0,1
DA:94,49
BRDA:94,6,0,1
DA:95,48
DA:96,48
DA:97,48
DA:98,48
DA:101,3
FN:101,Pop.declineBet
FNDA:3,Pop.declineBet
DA:102,3
DA:103,3
BRDA:103,7,0,1
DA:104,2
BRDA:104,8,0,1
DA:105,1
DA:106,1
DA:107,1
DA:110,7
FN:110,Pop.cancelBet
FNDA:7,Pop.cancelBet
DA:111,7
DA:112,7
BRDA:112,9,0,2
DA:113,5
BRDA:113,10,0,1
DA:114,4
DA:115,4
DA:116,4
DA:120,41
FN:120,Pop.proposeResolution
FNDA:41,Pop.proposeResolution
DA:121,41
DA:122,41
BRDA:122,11,0,3
DA:123,38
BRDA:123,12,0,1
DA:124,37
BRDA:124,13,0,1
DA:125,36
BRDA:125,14,0,2
DA:126,34
DA:127,34
DA:128,34
DA:129,34
DA:130,34
DA:133,21
FN:133,Pop.challenge
FNDA:21,Pop.challenge
DA:134,21
DA:135,21
BRDA:135,15,0,1
DA:136,20
BRDA:136,16,0,1
DA:137,19
BRDA:137,17,0,1
DA:138,18
DA:139,18
DA:142,11
FN:142,Pop.finalize
FNDA:11,Pop.finalize
DA:143,11
DA:144,11
BRDA:144,18,0,1
DA:145,10
BRDA:145,19,0,2
DA:146,8
DA:148,8
DA:149,8
DA:150,8
DA:151,8
DA:154,20
FN:154,Pop.voteWinner
FNDA:20,Pop.voteWinner
DA:155,20
DA:156,20
BRDA:156,20,0,1
DA:158,19
BRDA:158,21,0,1
DA:160,18
BRDA:160,22,0,1
DA:161,17
BRDA:161,23,0,1
DA:162,16
BRDA:162,24,0,8
BRDA:162,24,1,1
DA:163,8
BRDA:163,25,0,1
DA:164,7
DA:165,8
BRDA:165,26,1,1
BRDA:165,26,0,1
DA:166,7
BRDA:166,27,0,1
DA:167,6
DA:168,1
DA:169,7
DA:170,13
BRDA:170,28,0,3
DA:171,3
DA:173,3
DA:174,3
DA:175,3
DA:176,3
DA:180,13
FN:180,Pop.claimExpired
FNDA:13,Pop.claimExpired
DA:181,13
DA:182,13
BRDA:182,29,0,1
DA:183,3
BRDA:183,30,0,1
DA:184,2
DA:185,2
DA:186,2
DA:187,2
DA:189,10
BRDA:189,31,0,2
DA:190,2
BRDA:190,32,0,1
DA:191,1
DA:192,1
DA:193,1
DA:194,1
DA:196,8
BRDA:196,33,0,3
DA:197,3
BRDA:197,34,0,1
DA:198,2
DA:199,2
DA:200,2
DA:201,2
DA:202,2
DA:204,5
BRDA:204,35,0,2
DA:205,2
BRDA:205,36,0,1
DA:206,1
DA:207,1
DA:208,1
DA:209,1
DA:210,1
DA:212,3
DA:215,22
FN:215,Pop.createOpenBet
FNDA:22,Pop.createOpenBet
DA:221,22
BRDA:221,37,0,1
DA:222,21
BRDA:222,38,0,1
DA:223,20
BRDA:223,39,0,1
DA:224,19
BRDA:224,40,0,1
DA:225,18
DA:226,18
DA:227,18
DA:228,18
DA:229,18
DA:230,18
DA:231,18
DA:232,18
DA:233,18
DA:234,18
DA:235,18
DA:238,13
FN:238,Pop.claimOpenBet
FNDA:13,Pop.claimOpenBet
DA:239,13
DA:240,13
BRDA:240,41,0,3
DA:241,10
BRDA:241,42,0,1
DA:242,9
BRDA:242,43,0,1
DA:246,8
DA:247,8
DA:248,8
DA:249,8
DA:250,8
DA:251,8
DA:254,11
FN:254,Pop.voidBet
FNDA:11,Pop.voidBet
DA:255,11
DA:256,11
BRDA:256,44,0,1
DA:257,10
BRDA:257,45,0,6
DA:258,4
BRDA:258,46,0,0
DA:259,4
DA:260,4
DA:261,4
DA:262,4
DA:263,4
DA:266,44
FN:266,Pop.getBet
FNDA:44,Pop.getBet
FNF:14
FNH:14
LF:156
LH:156
BRF:53
BRH:50
end_of_record
TN:
SF:test/Pop.t.sol
DA:15,0
FN:15,MockUSDC.decimals.0
FNDA:0,MockUSDC.decimals.0
DA:17,386
FN:17,MockUSDC.mint.0
FNDA:386,MockUSDC.mint.0
DA:18,386
DA:30,0
FN:30,ReentrantFinalize.constructor.0
FNDA:0,ReentrantFinalize.constructor.0
DA:32,0
FN:32,ReentrantFinalize.setBetId
FNDA:0,ReentrantFinalize.setBetId
DA:35,0
FN:35,ReentrantFinalize.onERC20Received
FNDA:0,ReentrantFinalize.onERC20Received
DA:36,0
BRDA:36,0,0,-
DA:37,0
DA:38,0
BRDA:38,1,0,-
DA:53,0
FN:53,HookERC20.decimals.1
FNDA:0,HookERC20.decimals.1
DA:55,2
FN:55,HookERC20.mint.1
FNDA:2,HookERC20.mint.1
DA:57,2
FN:57,HookERC20.transfer
FNDA:2,HookERC20.transfer
DA:58,2
DA:59,2
BRDA:59,2,0,1
DA:60,1
BRDA:60,3,0,1
DA:62,2
DA:73,1
FN:73,ReentrantVoidReceiver.constructor.1
FNDA:1,ReentrantVoidReceiver.constructor.1
DA:75,1
FN:75,ReentrantVoidReceiver.setup
FNDA:1,ReentrantVoidReceiver.setup
DA:77,1
FN:77,ReentrantVoidReceiver.onTokenReceived
FNDA:1,ReentrantVoidReceiver.onTokenReceived
DA:78,1
BRDA:78,4,0,1
DA:79,1
DA:80,1
BRDA:80,5,0,1
DA:82,1
BRDA:82,5,1,1
DA:83,1
DA:88,1
FN:88,ReentrantVoidReceiver.approvePop
FNDA:1,ReentrantVoidReceiver.approvePop
DA:89,1
FNF:12
FNH:7
LF:26
LH:18
BRF:7
BRH:5
end_of_record
